<?xml version="1.0" encoding="UTF-8"?>
<coverage generated="1673191174243" clover="3.2.0">
  <project timestamp="1673191174243" name="All files">
    <metrics statements="38" coveredstatements="31" conditionals="27" coveredconditionals="14" methods="8" coveredmethods="5" elements="73" coveredelements="50" complexity="0" loc="38" ncloc="38" packages="1" files="3" classes="3"/>
    <file name="filter.ts" path="/Users/kanade/kanade/person-project/vite-plugin-parse-html/src/filter.ts">
      <metrics statements="10" coveredstatements="10" conditionals="4" coveredconditionals="3" methods="1" coveredmethods="1"/>
      <line num="2" count="4" type="stmt"/>
      <line num="3" count="4" type="stmt"/>
      <line num="7" count="4" type="stmt"/>
      <line num="8" count="4" type="stmt"/>
      <line num="9" count="4" type="stmt"/>
      <line num="10" count="6" type="cond" truecount="2" falsecount="0"/>
      <line num="11" count="3" type="stmt"/>
      <line num="13" count="3" type="cond" truecount="1" falsecount="1"/>
      <line num="14" count="3" type="stmt"/>
      <line num="17" count="4" type="stmt"/>
    </file>
    <file name="inject.ts" path="/Users/kanade/kanade/person-project/vite-plugin-parse-html/src/inject.ts">
      <metrics statements="17" coveredstatements="15" conditionals="15" coveredconditionals="11" methods="4" coveredmethods="3"/>
      <line num="2" count="2" type="stmt"/>
      <line num="3" count="2" type="stmt"/>
      <line num="4" count="2" type="stmt"/>
      <line num="5" count="2" type="stmt"/>
      <line num="12" count="2" type="stmt"/>
      <line num="13" count="2" type="cond" truecount="1" falsecount="1"/>
      <line num="14" count="0" type="stmt"/>
      <line num="16" count="2" type="stmt"/>
      <line num="17" count="3" type="cond" truecount="2" falsecount="0"/>
      <line num="18" count="2" type="stmt"/>
      <line num="26" count="1" type="stmt"/>
      <line num="32" count="2" type="stmt"/>
      <line num="34" count="2" type="stmt"/>
      <line num="39" count="1" type="cond" truecount="1" falsecount="0"/>
      <line num="40" count="1" type="stmt"/>
      <line num="46" count="0" type="stmt"/>
      <line num="54" count="2" type="stmt"/>
    </file>
    <file name="minify.ts" path="/Users/kanade/kanade/person-project/vite-plugin-parse-html/src/minify.ts">
      <metrics statements="11" coveredstatements="6" conditionals="8" coveredconditionals="0" methods="3" coveredmethods="1"/>
      <line num="2" count="1" type="stmt"/>
      <line num="3" count="1" type="stmt"/>
      <line num="4" count="1" type="stmt"/>
      <line num="5" count="1" type="stmt"/>
      <line num="7" count="0" type="stmt"/>
      <line num="15" count="1" type="stmt"/>
      <line num="22" count="0" type="cond" truecount="0" falsecount="2"/>
      <line num="23" count="0" type="stmt"/>
      <line num="24" count="0" type="cond" truecount="0" falsecount="5"/>
      <line num="25" count="0" type="stmt"/>
      <line num="32" count="1" type="stmt"/>
    </file>
  </project>
</coverage>
