{"/Users/kanade/kanade/person-project/vite-plugin-parse-html/src/filter.ts": {"path":"/Users/kanade/kanade/person-project/vite-plugin-parse-html/src/filter.ts","statementMap":{"0":{"start":{"line":2,"column":0},"end":{"line":2,"column":62}},"1":{"start":{"line":3,"column":0},"end":{"line":3,"column":52}},"2":{"start":{"line":7,"column":22},"end":{"line":7,"column":52}},"3":{"start":{"line":8,"column":0},"end":{"line":8,"column":68}},"4":{"start":{"line":9,"column":22},"end":{"line":16,"column":1}},"5":{"start":{"line":10,"column":4},"end":{"line":12,"column":5}},"6":{"start":{"line":11,"column":8},"end":{"line":11,"column":21}},"7":{"start":{"line":13,"column":4},"end":{"line":15,"column":5}},"8":{"start":{"line":14,"column":8},"end":{"line":14,"column":28}},"9":{"start":{"line":17,"column":0},"end":{"line":17,"column":38}}},"fnMap":{"0":{"name":"(anonymous_0)","decl":{"start":{"line":9,"column":22},"end":{"line":9,"column":23}},"loc":{"start":{"line":9,"column":31},"end":{"line":16,"column":1}},"line":9}},"branchMap":{"0":{"loc":{"start":{"line":10,"column":4},"end":{"line":12,"column":5}},"type":"if","locations":[{"start":{"line":10,"column":4},"end":{"line":12,"column":5}},{"start":{},"end":{}}],"line":10},"1":{"loc":{"start":{"line":13,"column":4},"end":{"line":15,"column":5}},"type":"if","locations":[{"start":{"line":13,"column":4},"end":{"line":15,"column":5}},{"start":{},"end":{}}],"line":13}},"s":{"0":4,"1":4,"2":4,"3":4,"4":4,"5":6,"6":3,"7":3,"8":3,"9":4},"f":{"0":6},"b":{"0":[3,3],"1":[3,0]},"inputSourceMap":null,"_coverageSchema":"1a1c01bbd47fc00a2c39e90264f33305004495a9","hash":"f2212a738b749350a817484f52876ead9be741be"}
,"/Users/kanade/kanade/person-project/vite-plugin-parse-html/src/inject.ts": {"path":"/Users/kanade/kanade/person-project/vite-plugin-parse-html/src/inject.ts","statementMap":{"0":{"start":{"line":2,"column":0},"end":{"line":2,"column":62}},"1":{"start":{"line":3,"column":0},"end":{"line":3,"column":48}},"2":{"start":{"line":4,"column":14},"end":{"line":4,"column":28}},"3":{"start":{"line":5,"column":17},"end":{"line":5,"column":36}},"4":{"start":{"line":12,"column":19},"end":{"line":12,"column":21}},"5":{"start":{"line":13,"column":4},"end":{"line":15,"column":5}},"6":{"start":{"line":14,"column":8},"end":{"line":14,"column":22}},"7":{"start":{"line":16,"column":4},"end":{"line":31,"column":7}},"8":{"start":{"line":17,"column":8},"end":{"line":25,"column":9}},"9":{"start":{"line":18,"column":12},"end":{"line":24,"column":15}},"10":{"start":{"line":26,"column":8},"end":{"line":30,"column":11}},"11":{"start":{"line":32,"column":4},"end":{"line":32,"column":18}},"12":{"start":{"line":34,"column":0},"end":{"line":34,"column":30}},"13":{"start":{"line":39,"column":47},"end":{"line":39,"column":54}},"14":{"start":{"line":40,"column":4},"end":{"line":52,"column":6}},"15":{"start":{"line":46,"column":16},"end":{"line":49,"column":18}},"16":{"start":{"line":54,"column":0},"end":{"line":54,"column":32}}},"fnMap":{"0":{"name":"resetTags","decl":{"start":{"line":11,"column":9},"end":{"line":11,"column":18}},"loc":{"start":{"line":11,"column":28},"end":{"line":33,"column":1}},"line":11},"1":{"name":"(anonymous_1)","decl":{"start":{"line":16,"column":20},"end":{"line":16,"column":21}},"loc":{"start":{"line":16,"column":30},"end":{"line":31,"column":5}},"line":16},"2":{"name":"injectHtml","decl":{"start":{"line":38,"column":9},"end":{"line":38,"column":19}},"loc":{"start":{"line":38,"column":29},"end":{"line":53,"column":1}},"line":38},"3":{"name":"(anonymous_3)","decl":{"start":{"line":45,"column":12},"end":{"line":45,"column":13}},"loc":{"start":{"line":45,"column":34},"end":{"line":50,"column":13}},"line":45}},"branchMap":{"0":{"loc":{"start":{"line":13,"column":4},"end":{"line":15,"column":5}},"type":"if","locations":[{"start":{"line":13,"column":4},"end":{"line":15,"column":5}},{"start":{},"end":{}}],"line":13},"1":{"loc":{"start":{"line":17,"column":8},"end":{"line":25,"column":9}},"type":"if","locations":[{"start":{"line":17,"column":8},"end":{"line":25,"column":9}},{"start":{},"end":{}}],"line":17},"2":{"loc":{"start":{"line":19,"column":21},"end":{"line":19,"column":84}},"type":"cond-expr","locations":[{"start":{"line":19,"column":67},"end":{"line":19,"column":73}},{"start":{"line":19,"column":76},"end":{"line":19,"column":84}}],"line":19},"3":{"loc":{"start":{"line":21,"column":21},"end":{"line":21,"column":81}},"type":"cond-expr","locations":[{"start":{"line":21,"column":67},"end":{"line":21,"column":73}},{"start":{"line":21,"column":76},"end":{"line":21,"column":81}}],"line":21},"4":{"loc":{"start":{"line":27,"column":17},"end":{"line":27,"column":63}},"type":"cond-expr","locations":[{"start":{"line":27,"column":46},"end":{"line":27,"column":54}},{"start":{"line":27,"column":57},"end":{"line":27,"column":63}}],"line":27},"5":{"loc":{"start":{"line":28,"column":36},"end":{"line":28,"column":79}},"type":"cond-expr","locations":[{"start":{"line":28,"column":65},"end":{"line":28,"column":70}},{"start":{"line":28,"column":73},"end":{"line":28,"column":79}}],"line":28},"6":{"loc":{"start":{"line":29,"column":22},"end":{"line":29,"column":45}},"type":"binary-expr","locations":[{"start":{"line":29,"column":22},"end":{"line":29,"column":35}},{"start":{"line":29,"column":39},"end":{"line":29,"column":45}}],"line":29},"7":{"loc":{"start":{"line":39,"column":30},"end":{"line":39,"column":42}},"type":"default-arg","locations":[{"start":{"line":39,"column":40},"end":{"line":39,"column":42}}],"line":39}},"s":{"0":2,"1":2,"2":2,"3":2,"4":2,"5":2,"6":0,"7":2,"8":3,"9":2,"10":1,"11":2,"12":2,"13":1,"14":1,"15":0,"16":2},"f":{"0":2,"1":3,"2":1,"3":0},"b":{"0":[0,2],"1":[2,1],"2":[1,1],"3":[1,1],"4":[0,1],"5":[0,1],"6":[1,0],"7":[1]},"inputSourceMap":null,"_coverageSchema":"1a1c01bbd47fc00a2c39e90264f33305004495a9","hash":"607fa30d94783a35824145c11e7e4031e04492c4"}
,"/Users/kanade/kanade/person-project/vite-plugin-parse-html/src/minify.ts": {"path":"/Users/kanade/kanade/person-project/vite-plugin-parse-html/src/minify.ts","statementMap":{"0":{"start":{"line":2,"column":0},"end":{"line":2,"column":62}},"1":{"start":{"line":3,"column":0},"end":{"line":3,"column":34}},"2":{"start":{"line":4,"column":17},"end":{"line":4,"column":36}},"3":{"start":{"line":5,"column":31},"end":{"line":5,"column":62}},"4":{"start":{"line":7,"column":4},"end":{"line":12,"column":6}},"5":{"start":{"line":15,"column":4},"end":{"line":30,"column":6}},"6":{"start":{"line":22,"column":12},"end":{"line":28,"column":13}},"7":{"start":{"line":23,"column":16},"end":{"line":27,"column":17}},"8":{"start":{"line":24,"column":20},"end":{"line":26,"column":21}},"9":{"start":{"line":25,"column":24},"end":{"line":25,"column":116}},"10":{"start":{"line":32,"column":0},"end":{"line":32,"column":44}}},"fnMap":{"0":{"name":"resetOptions","decl":{"start":{"line":6,"column":9},"end":{"line":6,"column":21}},"loc":{"start":{"line":6,"column":32},"end":{"line":13,"column":1}},"line":6},"1":{"name":"minifyHtmlPlugin","decl":{"start":{"line":14,"column":9},"end":{"line":14,"column":25}},"loc":{"start":{"line":14,"column":47},"end":{"line":31,"column":1}},"line":14},"2":{"name":"(anonymous_2)","decl":{"start":{"line":21,"column":8},"end":{"line":21,"column":9}},"loc":{"start":{"line":21,"column":47},"end":{"line":29,"column":9}},"line":21}},"branchMap":{"0":{"loc":{"start":{"line":14,"column":28},"end":{"line":14,"column":43}},"type":"default-arg","locations":[{"start":{"line":14,"column":39},"end":{"line":14,"column":43}}],"line":14},"1":{"loc":{"start":{"line":22,"column":12},"end":{"line":28,"column":13}},"type":"if","locations":[{"start":{"line":22,"column":12},"end":{"line":28,"column":13}},{"start":{},"end":{}}],"line":22},"2":{"loc":{"start":{"line":24,"column":20},"end":{"line":26,"column":21}},"type":"if","locations":[{"start":{"line":24,"column":20},"end":{"line":26,"column":21}},{"start":{},"end":{}}],"line":24},"3":{"loc":{"start":{"line":24,"column":24},"end":{"line":24,"column":123}},"type":"binary-expr","locations":[{"start":{"line":24,"column":24},"end":{"line":24,"column":45}},{"start":{"line":24,"column":49},"end":{"line":24,"column":88}},{"start":{"line":24,"column":92},"end":{"line":24,"column":123}}],"line":24}},"s":{"0":1,"1":1,"2":1,"3":1,"4":0,"5":1,"6":0,"7":0,"8":0,"9":0,"10":1},"f":{"0":0,"1":1,"2":0},"b":{"0":[0],"1":[0,0],"2":[0,0],"3":[0,0,0]},"inputSourceMap":null,"_coverageSchema":"1a1c01bbd47fc00a2c39e90264f33305004495a9","hash":"5e0fa6b6fabda66602cf7d16c93a3c33f3f323a0"}
}
