TN:
SF:src/filter.ts
FN:9,(anonymous_0)
FNF:1
FNH:1
FNDA:6,(anonymous_0)
DA:2,4
DA:3,4
DA:7,4
DA:8,4
DA:9,4
DA:10,6
DA:11,3
DA:13,3
DA:14,3
DA:17,4
LF:10
LH:10
BRDA:10,0,0,3
BRDA:10,0,1,3
BRDA:13,1,0,3
BRDA:13,1,1,0
BRF:4
BRH:3
end_of_record
TN:
SF:src/inject.ts
FN:11,resetTags
FN:16,(anonymous_1)
FN:38,injectHtml
FN:45,(anonymous_3)
FNF:4
FNH:3
FNDA:2,resetTags
FNDA:3,(anonymous_1)
FNDA:1,injectHtml
FNDA:0,(anonymous_3)
DA:2,2
DA:3,2
DA:4,2
DA:5,2
DA:12,2
DA:13,2
DA:14,0
DA:16,2
DA:17,3
DA:18,2
DA:26,1
DA:32,2
DA:34,2
DA:39,1
DA:40,1
DA:46,0
DA:54,2
LF:17
LH:15
BRDA:13,0,0,0
BRDA:13,0,1,2
BRDA:17,1,0,2
BRDA:17,1,1,1
BRDA:19,2,0,1
BRDA:19,2,1,1
BRDA:21,3,0,1
BRDA:21,3,1,1
BRDA:27,4,0,0
BRDA:27,4,1,1
BRDA:28,5,0,0
BRDA:28,5,1,1
BRDA:29,6,0,1
BRDA:29,6,1,0
BRDA:39,7,0,1
BRF:15
BRH:11
end_of_record
TN:
SF:src/minify.ts
FN:6,resetOptions
FN:14,minifyHtmlPlugin
FN:21,(anonymous_2)
FNF:3
FNH:1
FNDA:0,resetOptions
FNDA:1,minifyHtmlPlugin
FNDA:0,(anonymous_2)
DA:2,1
DA:3,1
DA:4,1
DA:5,1
DA:7,0
DA:15,1
DA:22,0
DA:23,0
DA:24,0
DA:25,0
DA:32,1
LF:11
LH:6
BRDA:14,0,0,0
BRDA:22,1,0,0
BRDA:22,1,1,0
BRDA:24,2,0,0
BRDA:24,2,1,0
BRDA:24,3,0,0
BRDA:24,3,1,0
BRDA:24,3,2,0
BRF:8
BRH:0
end_of_record
